
ROM used:   144/8192 (2%)
            144/8192 (2%) including unused fragments

            0.2 Average locations per line
            4.6 Average locations per statement

RAM used:   7/368 (2%) at main() level
            8/368 (2%) worst case

Stack used: 0 worst case (0 in main + 0 for interrupts)
Stack size: 8

Lines Stmts  %   Files
----- ----- ---  -----
   40    31 100  Victicorsh.c
  674     0   0  ..\..\..\..\..\..\Program Files (x86)\PICC\Devices\16f877a.h
----- -----
  714    31 Total

Page ROM  %  RAM    Vol Diff  Functions:
---- --- --- ---    --- ----  ----------
0     21  15    1             @delay_ms1
0    119  83    1    779  4.8  main
 Inline         0             @cinit1

Program metrics:
    Functions               1
    Statements              31
    Comments                121
    Volume (V)              785
    Difficulty (D)          4.7
    Effort to implement (E) 3661
    Time to implement (T)   3 minutes
    Est Delivered Bugs (B)  0
    Cyclomatic Complexity   4
    Maintainability (MI)    31

 Segment     Used  Free
-----------  ----  ----
00000-00003     4  0  
00004-007FF   140  1904  
00800-00FFF     0  2048  
01000-017FF     0  2048  
01800-01FFF     0  2048  



