
ROM used:   160/8192 (2%)
            160/8192 (2%) including unused fragments

            0.2 Average locations per line
            5.3 Average locations per statement

RAM used:   6/368 (2%) at main() level
            7/368 (2%) worst case

Stack used: 1 worst case (1 in main + 0 for interrupts)
Stack size: 8

Lines Stmts  %   Files
----- ----- ---  -----
   55    30 100  Move.c
  674     0   0  ..\..\..\..\..\..\Program Files (x86)\PICC\Devices\16F877a.h
----- -----
  729    30 Total

Page ROM  %  RAM    Vol Diff  Functions:
---- --- --- ---    --- ----  ----------
0     20  12    1             @delay_ms1
0     19  12    0     67  1.2  go_backward
0     17  11    0     67  1.2  stop
0     19  12    0     67  1.2  go_forward
0     26  16    1     86  1.3  turn
0     55  34    1    199  1.8  main
 Inline         0             @cinit1

Program metrics:
    Functions               5
    Statements              30
    Comments                121
    Volume (V)              756
    Difficulty (D)          6.5
    Effort to implement (E) 4899
    Time to implement (T)   5 minutes
    Est Delivered Bugs (B)  0
    Cyclomatic Complexity   1
    Maintainability (MI)    164

 Segment     Used  Free
-----------  ----  ----
00000-00003     4  0  
00004-007FF   156  1888  
00800-00FFF     0  2048  
01000-017FF     0  2048  
01800-01FFF     0  2048  



