
ROM used:   133/8192 (2%)
            133/8192 (2%) including unused fragments

            0.2 Average locations per line
            7.4 Average locations per statement

RAM used:   7/368 (2%) at main() level
            8/368 (2%) worst case

Stack used: 1 worst case (1 in main + 0 for interrupts)
Stack size: 8

Lines Stmts  %   Files
----- ----- ---  -----
   32    18 100  Prueba servo proyecto(home).c
  674     0   0  ..\..\..\..\..\..\Program Files (x86)\PICC\Devices\16f877a.h
----- -----
  706    18 Total

Page ROM  %  RAM    Vol Diff  Functions:
---- --- --- ---    --- ----  ----------
0     20  15    1             @delay_ms1
0     17  13    1             @delay_us1
0     92  69    1    370  1.9  main
 Inline         0             @cinit1

Program metrics:
    Functions               1
    Statements              18
    Comments                122
    Volume (V)              377
    Difficulty (D)          1.7
    Effort to implement (E) 656
    Time to implement (T)   1 minutes
    Est Delivered Bugs (B)  0
    Cyclomatic Complexity   1
    Maintainability (MI)    44

 Segment     Used  Free
-----------  ----  ----
00000-00003     4  0  
00004-007FF   129  1915  
00800-00FFF     0  2048  
01000-017FF     0  2048  
01800-01FFF     0  2048  



