Warning[205] C:\USERS\¡¡¡VIVA EL BASKET!!!\DESKTOP\PROGRA\PIC\FRECUENCIAS.X\FRECUENCIAS.ASM 1 : Found directive in column 1. (LIST)
Warning[205] C:\USERS\¡¡¡VIVA EL BASKET!!!\DESKTOP\PROGRA\PIC\FRECUENCIAS.X\FRECUENCIAS.ASM 2 : Found directive in column 1. (INCLUDE)
Warning[207] C:\USERS\¡¡¡VIVA EL BASKET!!!\DESKTOP\PROGRA\PIC\FRECUENCIAS.X\FRECUENCIAS.ASM 3 : Found label after column 1. (tiempo)
Message[302] C:\USERS\¡¡¡VIVA EL BASKET!!!\DESKTOP\PROGRA\PIC\FRECUENCIAS.X\FRECUENCIAS.ASM 11 : Register in operand not in bank 0.  Ensure that bank bits are correct.
Message[302] C:\USERS\¡¡¡VIVA EL BASKET!!!\DESKTOP\PROGRA\PIC\FRECUENCIAS.X\FRECUENCIAS.ASM 12 : Register in operand not in bank 0.  Ensure that bank bits are correct.
Message[302] C:\USERS\¡¡¡VIVA EL BASKET!!!\DESKTOP\PROGRA\PIC\FRECUENCIAS.X\FRECUENCIAS.ASM 14 : Register in operand not in bank 0.  Ensure that bank bits are correct.
Warning[207] C:\USERS\¡¡¡VIVA EL BASKET!!!\DESKTOP\PROGRA\PIC\FRECUENCIAS.X\FRECUENCIAS.ASM 17 : Found label after column 1. (LOOP)
Warning[207] C:\USERS\¡¡¡VIVA EL BASKET!!!\DESKTOP\PROGRA\PIC\FRECUENCIAS.X\FRECUENCIAS.ASM 21 : Found label after column 1. (S1)
Warning[207] C:\USERS\¡¡¡VIVA EL BASKET!!!\DESKTOP\PROGRA\PIC\FRECUENCIAS.X\FRECUENCIAS.ASM 25 : Found label after column 1. (S2)
Warning[207] C:\USERS\¡¡¡VIVA EL BASKET!!!\DESKTOP\PROGRA\PIC\FRECUENCIAS.X\FRECUENCIAS.ASM 29 : Found label after column 1. (S3)
Warning[207] C:\USERS\¡¡¡VIVA EL BASKET!!!\DESKTOP\PROGRA\PIC\FRECUENCIAS.X\FRECUENCIAS.ASM 33 : Found label after column 1. (S4)
Warning[207] C:\USERS\¡¡¡VIVA EL BASKET!!!\DESKTOP\PROGRA\PIC\FRECUENCIAS.X\FRECUENCIAS.ASM 38 : Found label after column 1. (SECUENCIA1)
Warning[207] C:\USERS\¡¡¡VIVA EL BASKET!!!\DESKTOP\PROGRA\PIC\FRECUENCIAS.X\FRECUENCIAS.ASM 45 : Found label after column 1. (SECUENCIA2)
Warning[207] C:\USERS\¡¡¡VIVA EL BASKET!!!\DESKTOP\PROGRA\PIC\FRECUENCIAS.X\FRECUENCIAS.ASM 52 : Found label after column 1. (SECUENCIA3)
Warning[207] C:\USERS\¡¡¡VIVA EL BASKET!!!\DESKTOP\PROGRA\PIC\FRECUENCIAS.X\FRECUENCIAS.ASM 59 : Found label after column 1. (SECUENCIA4)
Warning[207] C:\USERS\¡¡¡VIVA EL BASKET!!!\DESKTOP\PROGRA\PIC\FRECUENCIAS.X\FRECUENCIAS.ASM 66 : Found label after column 1. (SECUENCIA5)
Warning[207] C:\USERS\¡¡¡VIVA EL BASKET!!!\DESKTOP\PROGRA\PIC\FRECUENCIAS.X\FRECUENCIAS.ASM 73 : Found label after column 1. (F1)
Warning[207] C:\USERS\¡¡¡VIVA EL BASKET!!!\DESKTOP\PROGRA\PIC\FRECUENCIAS.X\FRECUENCIAS.ASM 77 : Found label after column 1. (LOOP1)
Warning[207] C:\USERS\¡¡¡VIVA EL BASKET!!!\DESKTOP\PROGRA\PIC\FRECUENCIAS.X\FRECUENCIAS.ASM 82 : Found label after column 1. (F2)
Warning[207] C:\USERS\¡¡¡VIVA EL BASKET!!!\DESKTOP\PROGRA\PIC\FRECUENCIAS.X\FRECUENCIAS.ASM 86 : Found label after column 1. (LOOP2)
Warning[207] C:\USERS\¡¡¡VIVA EL BASKET!!!\DESKTOP\PROGRA\PIC\FRECUENCIAS.X\FRECUENCIAS.ASM 91 : Found label after column 1. (F3)
Warning[207] C:\USERS\¡¡¡VIVA EL BASKET!!!\DESKTOP\PROGRA\PIC\FRECUENCIAS.X\FRECUENCIAS.ASM 95 : Found label after column 1. (LOOP3)
Warning[207] C:\USERS\¡¡¡VIVA EL BASKET!!!\DESKTOP\PROGRA\PIC\FRECUENCIAS.X\FRECUENCIAS.ASM 100 : Found label after column 1. (F4)
Warning[207] C:\USERS\¡¡¡VIVA EL BASKET!!!\DESKTOP\PROGRA\PIC\FRECUENCIAS.X\FRECUENCIAS.ASM 104 : Found label after column 1. (LOOP4)
Warning[207] C:\USERS\¡¡¡VIVA EL BASKET!!!\DESKTOP\PROGRA\PIC\FRECUENCIAS.X\FRECUENCIAS.ASM 109 : Found label after column 1. (F5)
Warning[202] C:\USERS\¡¡¡VIVA EL BASKET!!!\DESKTOP\PROGRA\PIC\FRECUENCIAS.X\FRECUENCIAS.ASM 110 : Argument out of range.  Least significant bits used.
Warning[207] C:\USERS\¡¡¡VIVA EL BASKET!!!\DESKTOP\PROGRA\PIC\FRECUENCIAS.X\FRECUENCIAS.ASM 113 : Found label after column 1. (LOOP5)
Warning[205] C:\USERS\¡¡¡VIVA EL BASKET!!!\DESKTOP\PROGRA\PIC\FRECUENCIAS.X\FRECUENCIAS.ASM 117 : Found directive in column 1. (END)
