
ROM used:   1490/8192 (18%)
            1490/8192 (18%) including unused fragments

            1.5 Average locations per line
            5.1 Average locations per statement

RAM used:   7/368 (2%) at main() level
            8/368 (2%) worst case

Stack used: 1 worst case (1 in main + 0 for interrupts)
Stack size: 8

Lines Stmts  %   Files
----- ----- ---  -----
  320   291 100  Control Brazo I Etapa.c
  674     0   0  ..\..\..\..\..\..\Program Files (x86)\PICC\Devices\16F877A.h
----- -----
  994   291 Total

Page ROM  %  RAM    Vol Diff  Functions:
---- --- --- ---    --- ----  ----------
0     20   1    1             @delay_ms1
0     17   1    1             @delay_us1
0   1449  97    1  11526  4.0  main
 Inline         0             @cinit1

Program metrics:
    Functions               1
    Statements              291
    Comments                138
    Volume (V)              11535
    Difficulty (D)          4.0
    Effort to implement (E) 45757
    Time to implement (T)   42 minutes
    Est Delivered Bugs (B)  0
    Cyclomatic Complexity   17
    Maintainability (MI)    -4

 Segment     Used  Free
-----------  ----  ----
00000-00003     4  0  
00004-007FF  1486  558  
00800-00FFF     0  2048  
01000-017FF     0  2048  
01800-01FFF     0  2048  



