
ROM used:   901/8192 (11%)
            901/8192 (11%) including unused fragments

            0.8 Average locations per line
            5.1 Average locations per statement

RAM used:   7/368 (2%) at main() level
            8/368 (2%) worst case

Stack used: 1 worst case (1 in main + 0 for interrupts)
Stack size: 8

Lines Stmts  %   Files
----- ----- ---  -----
  409   177 100  Proyecto.c
  674     0   0  ..\..\..\..\..\..\Program Files (x86)\PICC\Devices\16F877a.h
----- -----
 1083   177 Total

Page ROM  %  RAM    Vol Diff  Functions:
---- --- --- ---    --- ----  ----------
0     20   2    1             @delay_ms1
0     17   2    1             @delay_us1
0    860  95    1   6316  5.0  main
 Inline         0             @cinit1

Program metrics:
    Functions               1
    Statements              177
    Comments                317
    Volume (V)              6325
    Difficulty (D)          4.9
    Effort to implement (E) 31185
    Time to implement (T)   29 minutes
    Est Delivered Bugs (B)  0
    Cyclomatic Complexity   9
    Maintainability (MI)    71

 Segment     Used  Free
-----------  ----  ----
00000-00003     4  0  
00004-007FF   897  1147  
00800-00FFF     0  2048  
01000-017FF     0  2048  
01800-01FFF     0  2048  



