
ROM used:   914/8192 (11%)
            914/8192 (11%) including unused fragments

            1.2 Average locations per line
            36.6 Average locations per statement

RAM used:   10/368 (3%) at main() level
            36/368 (10%) worst case

Stack used: 2 worst case (2 in main + 0 for interrupts)
Stack size: 8

Lines Stmts  %   Files
----- ----- ---  -----
   60    25 100  ServoMotor.c
  674     0   0  ..\..\..\..\..\..\Program Files (x86)\PICC\Devices\16F877a.h
----- -----
  734    25 Total

Page ROM  %  RAM    Vol Diff  Functions:
---- --- --- ---    --- ----  ----------
0      9   1    1     43  1.8  VDelay_us
0    758  83   10    258  5.1  gira
 Inline        13    266  5.1  @MULFF
 Inline        14             @DIVFF
 Inline        16    428  4.7  @ADDFF
 Inline         4             @SFTOI
0    114  12    5    428  4.7  main
0     29   3    2             @ITOF
 Inline         0             @cinit1

Program metrics:
    Functions               5
    Statements              25
    Comments                155
    Volume (V)              2007
    Difficulty (D)          21.1
    Effort to implement (E) 42303
    Time to implement (T)   39 minutes
    Est Delivered Bugs (B)  0
    Cyclomatic Complexity   6
    Maintainability (MI)    149

 Segment     Used  Free
-----------  ----  ----
00000-00003     4  0  
00004-007FF   910  1134  
00800-00FFF     0  2048  
01000-017FF     0  2048  
01800-01FFF     0  2048  



