
ROM used:   510/8192 (6%)
            510/8192 (6%) including unused fragments

            0.7 Average locations per line
            5.7 Average locations per statement

RAM used:   7/368 (2%) at main() level
            8/368 (2%) worst case

Stack used: 1 worst case (1 in main + 0 for interrupts)
Stack size: 8

Lines Stmts  %   Files
----- ----- ---  -----
  108    89 100  Void take.c
  674     0   0  ..\..\..\..\..\..\Program Files (x86)\PICC\Devices\16F877A.h
----- -----
  782    89 Total

Page ROM  %  RAM    Vol Diff  Functions:
---- --- --- ---    --- ----  ----------
0     20   4    1             @delay_ms1
0     17   3    1             @delay_us1
0    469  92    1   2905  3.5  main
 Inline         0             @cinit1

Program metrics:
    Functions               1
    Statements              89
    Comments                126
    Volume (V)              2914
    Difficulty (D)          3.4
    Effort to implement (E) 9926
    Time to implement (T)   9 minutes
    Est Delivered Bugs (B)  0
    Cyclomatic Complexity   5
    Maintainability (MI)    6

 Segment     Used  Free
-----------  ----  ----
00000-00003     4  0  
00004-007FF   506  1538  
00800-00FFF     0  2048  
01000-017FF     0  2048  
01800-01FFF     0  2048  



