
ROM used:   291/8192 (4%)
            291/8192 (4%) including unused fragments

            0.4 Average locations per line
            5.0 Average locations per statement

RAM used:   7/368 (2%) at main() level
            8/368 (2%) worst case

Stack used: 1 worst case (1 in main + 0 for interrupts)
Stack size: 8

Lines Stmts  %   Files
----- ----- ---  -----
   71    58 100  Servo2.c
  674     0   0  ..\..\..\..\..\..\Program Files (x86)\PICC\Devices\16f877a.h
----- -----
  745    58 Total

Page ROM  %  RAM    Vol Diff  Functions:
---- --- --- ---    --- ----  ----------
0     20   7    1             @delay_ms1
0     17   6    1             @delay_us1
0    250  86    1   1747  3.9  main
 Inline         0             @cinit1

Program metrics:
    Functions               1
    Statements              58
    Comments                121
    Volume (V)              1756
    Difficulty (D)          3.8
    Effort to implement (E) 6735
    Time to implement (T)   6 minutes
    Est Delivered Bugs (B)  0
    Cyclomatic Complexity   4
    Maintainability (MI)    17

 Segment     Used  Free
-----------  ----  ----
00000-00003     4  0  
00004-007FF   287  1757  
00800-00FFF     0  2048  
01000-017FF     0  2048  
01800-01FFF     0  2048  



