Copyright 1986-2022 Xilinx, Inc. All Rights Reserved.
---------------------------------------------------------------------------------------------------------------------------------------------------------------------------------------------------------------------
| Tool Version : Vivado v.2022.1 (win64) Build 3526262 Mon Apr 18 15:48:16 MDT 2022
| Date         : Wed May 11 09:43:44 2022
| Host         : Tatos-Laptop running 64-bit major release  (build 9200)
| Command      : report_timing_summary -max_paths 10 -report_unconstrained -file ALU_suma_timing_summary_routed.rpt -pb ALU_suma_timing_summary_routed.pb -rpx ALU_suma_timing_summary_routed.rpx -warn_on_violation
| Design       : ALU_suma
| Device       : 7a35t-cpg236
| Speed File   : -2L  PRODUCTION 1.23 2018-06-13
---------------------------------------------------------------------------------------------------------------------------------------------------------------------------------------------------------------------

Timing Summary Report

------------------------------------------------------------------------------------------------
| Timer Settings
| --------------
------------------------------------------------------------------------------------------------

  Enable Multi Corner Analysis               :  Yes
  Enable Pessimism Removal                   :  Yes
  Pessimism Removal Resolution               :  Nearest Common Node
  Enable Input Delay Default Clock           :  No
  Enable Preset / Clear Arcs                 :  No
  Disable Flight Delays                      :  No
  Ignore I/O Paths                           :  No
  Timing Early Launch at Borrowing Latches   :  No
  Borrow Time for Max Delay Exceptions       :  Yes
  Merge Timing Exceptions                    :  Yes

  Corner  Analyze    Analyze    
  Name    Max Paths  Min Paths  
  ------  ---------  ---------  
  Slow    Yes        Yes        
  Fast    Yes        Yes        


------------------------------------------------------------------------------------------------
| Report Methodology
| ------------------
------------------------------------------------------------------------------------------------

Rule  Severity  Description  Violations  
----  --------  -----------  ----------  

Note: This report is based on the most recent report_methodology run and may not be up-to-date. Run report_methodology on the current design for the latest report.



check_timing report

Table of Contents
-----------------
1. checking no_clock (0)
2. checking constant_clock (0)
3. checking pulse_width_clock (0)
4. checking unconstrained_internal_endpoints (0)
5. checking no_input_delay (0)
6. checking no_output_delay (0)
7. checking multiple_clock (0)
8. checking generated_clocks (0)
9. checking loops (0)
10. checking partial_input_delay (0)
11. checking partial_output_delay (0)
12. checking latch_loops (0)

1. checking no_clock (0)
------------------------
 There are 0 register/latch pins with no clock.


2. checking constant_clock (0)
------------------------------
 There are 0 register/latch pins with constant_clock.


3. checking pulse_width_clock (0)
---------------------------------
 There are 0 register/latch pins which need pulse_width check


4. checking unconstrained_internal_endpoints (0)
------------------------------------------------
 There are 0 pins that are not constrained for maximum delay.

 There are 0 pins that are not constrained for maximum delay due to constant clock.


5. checking no_input_delay (0)
------------------------------
 There are 0 input ports with no input delay specified.

 There are 0 input ports with no input delay but user has a false path constraint.


6. checking no_output_delay (0)
-------------------------------
 There are 0 ports with no output delay specified.

 There are 0 ports with no output delay but user has a false path constraint

 There are 0 ports with no output delay but with a timing clock defined on it or propagating through it


7. checking multiple_clock (0)
------------------------------
 There are 0 register/latch pins with multiple clocks.


8. checking generated_clocks (0)
--------------------------------
 There are 0 generated clocks that are not connected to a clock source.


9. checking loops (0)
---------------------
 There are 0 combinational loops in the design.


10. checking partial_input_delay (0)
------------------------------------
 There are 0 input ports with partial input delay specified.


11. checking partial_output_delay (0)
-------------------------------------
 There are 0 ports with partial output delay specified.


12. checking latch_loops (0)
----------------------------
 There are 0 combinational latch loops in the design through latch input



------------------------------------------------------------------------------------------------
| Design Timing Summary
| ---------------------
------------------------------------------------------------------------------------------------

    WNS(ns)      TNS(ns)  TNS Failing Endpoints  TNS Total Endpoints      WHS(ns)      THS(ns)  THS Failing Endpoints  THS Total Endpoints     WPWS(ns)     TPWS(ns)  TPWS Failing Endpoints  TPWS Total Endpoints  
    -------      -------  ---------------------  -------------------      -------      -------  ---------------------  -------------------     --------     --------  ----------------------  --------------------  
        inf        0.000                      0                   32          inf        0.000                      0                   32           NA           NA                      NA                    NA  


There are no user specified timing constraints.


------------------------------------------------------------------------------------------------
| Clock Summary
| -------------
------------------------------------------------------------------------------------------------


------------------------------------------------------------------------------------------------
| Intra Clock Table
| -----------------
------------------------------------------------------------------------------------------------

Clock             WNS(ns)      TNS(ns)  TNS Failing Endpoints  TNS Total Endpoints      WHS(ns)      THS(ns)  THS Failing Endpoints  THS Total Endpoints     WPWS(ns)     TPWS(ns)  TPWS Failing Endpoints  TPWS Total Endpoints  
-----             -------      -------  ---------------------  -------------------      -------      -------  ---------------------  -------------------     --------     --------  ----------------------  --------------------  


------------------------------------------------------------------------------------------------
| Inter Clock Table
| -----------------
------------------------------------------------------------------------------------------------

From Clock    To Clock          WNS(ns)      TNS(ns)  TNS Failing Endpoints  TNS Total Endpoints      WHS(ns)      THS(ns)  THS Failing Endpoints  THS Total Endpoints  
----------    --------          -------      -------  ---------------------  -------------------      -------      -------  ---------------------  -------------------  


------------------------------------------------------------------------------------------------
| Other Path Groups Table
| -----------------------
------------------------------------------------------------------------------------------------

Path Group    From Clock    To Clock          WNS(ns)      TNS(ns)  TNS Failing Endpoints  TNS Total Endpoints      WHS(ns)      THS(ns)  THS Failing Endpoints  THS Total Endpoints  
----------    ----------    --------          -------      -------  ---------------------  -------------------      -------      -------  ---------------------  -------------------  


------------------------------------------------------------------------------------------------
| User Ignored Path Table
| -----------------------
------------------------------------------------------------------------------------------------

Path Group    From Clock    To Clock    
----------    ----------    --------    


------------------------------------------------------------------------------------------------
| Unconstrained Path Table
| ------------------------
------------------------------------------------------------------------------------------------

Path Group    From Clock    To Clock    
----------    ----------    --------    
(none)                                    


------------------------------------------------------------------------------------------------
| Timing Details
| --------------
------------------------------------------------------------------------------------------------


--------------------------------------------------------------------------------------
Path Group:  (none)
From Clock:  
  To Clock:  

Max Delay            32 Endpoints
Min Delay            32 Endpoints
--------------------------------------------------------------------------------------


Max Delay Paths
--------------------------------------------------------------------------------------
Slack:                    inf
  Source:                 PC_reg_out[30]
                            (input port)
  Destination:            Next_PC[31]
                            (output port)
  Path Group:             (none)
  Path Type:              Max at Slow Process Corner
  Data Path Delay:        9.347ns  (logic 3.950ns (42.257%)  route 5.397ns (57.743%))
  Logic Levels:           3  (CARRY4=1 IBUF=1 OBUF=1)

    Location             Delay type                Incr(ns)  Path(ns)    Netlist Resource(s)
  -------------------------------------------------------------------    -------------------
    M2                                                0.000     0.000 r  PC_reg_out[30] (IN)
                         net (fo=0)                   0.000     0.000    PC_reg_out[30]
    M2                   IBUF (Prop_ibuf_I_O)         0.874     0.874 r  PC_reg_out_IBUF[30]_inst/O
                         net (fo=1, routed)           2.414     3.288    PC_reg_out_IBUF[30]
    SLICE_X65Y29         CARRY4 (Prop_carry4_S[1]_O[2])
                                                      0.586     3.874 r  Next_PC_OBUF[31]_inst_i_1/O[2]
                         net (fo=1, routed)           2.983     6.857    Next_PC_OBUF[31]
    N19                  OBUF (Prop_obuf_I_O)         2.490     9.347 r  Next_PC_OBUF[31]_inst/O
                         net (fo=0)                   0.000     9.347    Next_PC[31]
    N19                                                               r  Next_PC[31] (OUT)
  -------------------------------------------------------------------    -------------------

Slack:                    inf
  Source:                 PC_reg_out[27]
                            (input port)
  Destination:            Next_PC[30]
                            (output port)
  Path Group:             (none)
  Path Type:              Max at Slow Process Corner
  Data Path Delay:        9.258ns  (logic 4.055ns (43.799%)  route 5.203ns (56.201%))
  Logic Levels:           4  (CARRY4=2 IBUF=1 OBUF=1)

    Location             Delay type                Incr(ns)  Path(ns)    Netlist Resource(s)
  -------------------------------------------------------------------    -------------------
    N1                                                0.000     0.000 r  PC_reg_out[27] (IN)
                         net (fo=0)                   0.000     0.000    PC_reg_out[27]
    N1                   IBUF (Prop_ibuf_I_O)         0.872     0.872 r  PC_reg_out_IBUF[27]_inst/O
                         net (fo=1, routed)           2.230     3.102    PC_reg_out_IBUF[27]
    SLICE_X65Y28         CARRY4 (Prop_carry4_S[2]_CO[3])
                                                      0.437     3.539 r  Next_PC_OBUF[28]_inst_i_1/CO[3]
                         net (fo=1, routed)           0.000     3.539    Next_PC_OBUF[28]_inst_i_1_n_0
    SLICE_X65Y29         CARRY4 (Prop_carry4_CI_O[1])
                                                      0.265     3.804 r  Next_PC_OBUF[31]_inst_i_1/O[1]
                         net (fo=1, routed)           2.973     6.777    Next_PC_OBUF[30]
    P19                  OBUF (Prop_obuf_I_O)         2.481     9.258 r  Next_PC_OBUF[30]_inst/O
                         net (fo=0)                   0.000     9.258    Next_PC[30]
    P19                                                               r  Next_PC[30] (OUT)
  -------------------------------------------------------------------    -------------------

Slack:                    inf
  Source:                 PC_reg_out[27]
                            (input port)
  Destination:            Next_PC[29]
                            (output port)
  Path Group:             (none)
  Path Type:              Max at Slow Process Corner
  Data Path Delay:        9.067ns  (logic 3.976ns (43.849%)  route 5.091ns (56.151%))
  Logic Levels:           4  (CARRY4=2 IBUF=1 OBUF=1)

    Location             Delay type                Incr(ns)  Path(ns)    Netlist Resource(s)
  -------------------------------------------------------------------    -------------------
    N1                                                0.000     0.000 r  PC_reg_out[27] (IN)
                         net (fo=0)                   0.000     0.000    PC_reg_out[27]
    N1                   IBUF (Prop_ibuf_I_O)         0.872     0.872 r  PC_reg_out_IBUF[27]_inst/O
                         net (fo=1, routed)           2.230     3.102    PC_reg_out_IBUF[27]
    SLICE_X65Y28         CARRY4 (Prop_carry4_S[2]_CO[3])
                                                      0.437     3.539 r  Next_PC_OBUF[28]_inst_i_1/CO[3]
                         net (fo=1, routed)           0.000     3.539    Next_PC_OBUF[28]_inst_i_1_n_0
    SLICE_X65Y29         CARRY4 (Prop_carry4_CI_O[0])
                                                      0.180     3.719 r  Next_PC_OBUF[31]_inst_i_1/O[0]
                         net (fo=1, routed)           2.861     6.580    Next_PC_OBUF[29]
    R19                  OBUF (Prop_obuf_I_O)         2.487     9.067 r  Next_PC_OBUF[29]_inst/O
                         net (fo=0)                   0.000     9.067    Next_PC[29]
    R19                                                               r  Next_PC[29] (OUT)
  -------------------------------------------------------------------    -------------------

Slack:                    inf
  Source:                 PC_reg_out[25]
                            (input port)
  Destination:            Next_PC[28]
                            (output port)
  Path Group:             (none)
  Path Type:              Max at Slow Process Corner
  Data Path Delay:        9.063ns  (logic 3.988ns (43.999%)  route 5.075ns (56.001%))
  Logic Levels:           3  (CARRY4=1 IBUF=1 OBUF=1)

    Location             Delay type                Incr(ns)  Path(ns)    Netlist Resource(s)
  -------------------------------------------------------------------    -------------------
    P3                                                0.000     0.000 r  PC_reg_out[25] (IN)
                         net (fo=0)                   0.000     0.000    PC_reg_out[25]
    P3                   IBUF (Prop_ibuf_I_O)         0.880     0.880 r  PC_reg_out_IBUF[25]_inst/O
                         net (fo=1, routed)           2.097     2.978    PC_reg_out_IBUF[25]
    SLICE_X65Y28         CARRY4 (Prop_carry4_S[0]_O[3])
                                                      0.608     3.586 r  Next_PC_OBUF[28]_inst_i_1/O[3]
                         net (fo=1, routed)           2.978     6.564    Next_PC_OBUF[28]
    M18                  OBUF (Prop_obuf_I_O)         2.499     9.063 r  Next_PC_OBUF[28]_inst/O
                         net (fo=0)                   0.000     9.063    Next_PC[28]
    M18                                                               r  Next_PC[28] (OUT)
  -------------------------------------------------------------------    -------------------

Slack:                    inf
  Source:                 PC_reg_out[25]
                            (input port)
  Destination:            Next_PC[27]
                            (output port)
  Path Group:             (none)
  Path Type:              Max at Slow Process Corner
  Data Path Delay:        9.008ns  (logic 3.945ns (43.793%)  route 5.063ns (56.207%))
  Logic Levels:           3  (CARRY4=1 IBUF=1 OBUF=1)

    Location             Delay type                Incr(ns)  Path(ns)    Netlist Resource(s)
  -------------------------------------------------------------------    -------------------
    P3                                                0.000     0.000 r  PC_reg_out[25] (IN)
                         net (fo=0)                   0.000     0.000    PC_reg_out[25]
    P3                   IBUF (Prop_ibuf_I_O)         0.880     0.880 r  PC_reg_out_IBUF[25]_inst/O
                         net (fo=1, routed)           2.097     2.978    PC_reg_out_IBUF[25]
    SLICE_X65Y28         CARRY4 (Prop_carry4_S[0]_O[2])
                                                      0.558     3.536 r  Next_PC_OBUF[28]_inst_i_1/O[2]
                         net (fo=1, routed)           2.966     6.501    Next_PC_OBUF[27]
    M19                  OBUF (Prop_obuf_I_O)         2.507     9.008 r  Next_PC_OBUF[27]_inst/O
                         net (fo=0)                   0.000     9.008    Next_PC[27]
    M19                                                               r  Next_PC[27] (OUT)
  -------------------------------------------------------------------    -------------------

Slack:                    inf
  Source:                 PC_reg_out[25]
                            (input port)
  Destination:            Next_PC[25]
                            (output port)
  Path Group:             (none)
  Path Type:              Max at Slow Process Corner
  Data Path Delay:        9.005ns  (logic 3.713ns (41.232%)  route 5.292ns (58.768%))
  Logic Levels:           3  (CARRY4=1 IBUF=1 OBUF=1)

    Location             Delay type                Incr(ns)  Path(ns)    Netlist Resource(s)
  -------------------------------------------------------------------    -------------------
    P3                                                0.000     0.000 r  PC_reg_out[25] (IN)
                         net (fo=0)                   0.000     0.000    PC_reg_out[25]
    P3                   IBUF (Prop_ibuf_I_O)         0.880     0.880 r  PC_reg_out_IBUF[25]_inst/O
                         net (fo=1, routed)           2.097     2.978    PC_reg_out_IBUF[25]
    SLICE_X65Y28         CARRY4 (Prop_carry4_S[0]_O[0])
                                                      0.312     3.290 r  Next_PC_OBUF[28]_inst_i_1/O[0]
                         net (fo=1, routed)           3.195     6.484    Next_PC_OBUF[25]
    K17                  OBUF (Prop_obuf_I_O)         2.520     9.005 r  Next_PC_OBUF[25]_inst/O
                         net (fo=0)                   0.000     9.005    Next_PC[25]
    K17                                                               r  Next_PC[25] (OUT)
  -------------------------------------------------------------------    -------------------

Slack:                    inf
  Source:                 PC_reg_out[2]
                            (input port)
  Destination:            Next_PC[24]
                            (output port)
  Path Group:             (none)
  Path Type:              Max at Slow Process Corner
  Data Path Delay:        8.782ns  (logic 4.565ns (51.976%)  route 4.218ns (48.024%))
  Logic Levels:           9  (CARRY4=6 IBUF=1 LUT1=1 OBUF=1)

    Location             Delay type                Incr(ns)  Path(ns)    Netlist Resource(s)
  -------------------------------------------------------------------    -------------------
    V5                                                0.000     0.000 f  PC_reg_out[2] (IN)
                         net (fo=0)                   0.000     0.000    PC_reg_out[2]
    V5                   IBUF (Prop_ibuf_I_O)         0.867     0.867 f  PC_reg_out_IBUF[2]_inst/O
                         net (fo=2, routed)           1.047     1.914    PC_reg_out_IBUF[2]
    SLICE_X65Y22         LUT1 (Prop_lut1_I0_O)        0.105     2.019 r  Next_PC_OBUF[4]_inst_i_2/O
                         net (fo=1, routed)           0.000     2.019    Next_PC_OBUF[4]_inst_i_2_n_0
    SLICE_X65Y22         CARRY4 (Prop_carry4_S[1]_CO[3])
                                                      0.457     2.476 r  Next_PC_OBUF[4]_inst_i_1/CO[3]
                         net (fo=1, routed)           0.000     2.476    Next_PC_OBUF[4]_inst_i_1_n_0
    SLICE_X65Y23         CARRY4 (Prop_carry4_CI_CO[3])
                                                      0.098     2.574 r  Next_PC_OBUF[8]_inst_i_1/CO[3]
                         net (fo=1, routed)           0.000     2.574    Next_PC_OBUF[8]_inst_i_1_n_0
    SLICE_X65Y24         CARRY4 (Prop_carry4_CI_CO[3])
                                                      0.098     2.672 r  Next_PC_OBUF[12]_inst_i_1/CO[3]
                         net (fo=1, routed)           0.008     2.680    Next_PC_OBUF[12]_inst_i_1_n_0
    SLICE_X65Y25         CARRY4 (Prop_carry4_CI_CO[3])
                                                      0.098     2.778 r  Next_PC_OBUF[16]_inst_i_1/CO[3]
                         net (fo=1, routed)           0.000     2.778    Next_PC_OBUF[16]_inst_i_1_n_0
    SLICE_X65Y26         CARRY4 (Prop_carry4_CI_CO[3])
                                                      0.098     2.876 r  Next_PC_OBUF[20]_inst_i_1/CO[3]
                         net (fo=1, routed)           0.000     2.876    Next_PC_OBUF[20]_inst_i_1_n_0
    SLICE_X65Y27         CARRY4 (Prop_carry4_CI_O[3])
                                                      0.260     3.136 r  Next_PC_OBUF[24]_inst_i_1/O[3]
                         net (fo=1, routed)           3.162     6.298    Next_PC_OBUF[24]
    N17                  OBUF (Prop_obuf_I_O)         2.484     8.782 r  Next_PC_OBUF[24]_inst/O
                         net (fo=0)                   0.000     8.782    Next_PC[24]
    N17                                                               r  Next_PC[24] (OUT)
  -------------------------------------------------------------------    -------------------

Slack:                    inf
  Source:                 PC_reg_out[2]
                            (input port)
  Destination:            Next_PC[23]
                            (output port)
  Path Group:             (none)
  Path Type:              Max at Slow Process Corner
  Data Path Delay:        8.710ns  (logic 4.505ns (51.719%)  route 4.205ns (48.281%))
  Logic Levels:           9  (CARRY4=6 IBUF=1 LUT1=1 OBUF=1)

    Location             Delay type                Incr(ns)  Path(ns)    Netlist Resource(s)
  -------------------------------------------------------------------    -------------------
    V5                                                0.000     0.000 f  PC_reg_out[2] (IN)
                         net (fo=0)                   0.000     0.000    PC_reg_out[2]
    V5                   IBUF (Prop_ibuf_I_O)         0.867     0.867 f  PC_reg_out_IBUF[2]_inst/O
                         net (fo=2, routed)           1.047     1.914    PC_reg_out_IBUF[2]
    SLICE_X65Y22         LUT1 (Prop_lut1_I0_O)        0.105     2.019 r  Next_PC_OBUF[4]_inst_i_2/O
                         net (fo=1, routed)           0.000     2.019    Next_PC_OBUF[4]_inst_i_2_n_0
    SLICE_X65Y22         CARRY4 (Prop_carry4_S[1]_CO[3])
                                                      0.457     2.476 r  Next_PC_OBUF[4]_inst_i_1/CO[3]
                         net (fo=1, routed)           0.000     2.476    Next_PC_OBUF[4]_inst_i_1_n_0
    SLICE_X65Y23         CARRY4 (Prop_carry4_CI_CO[3])
                                                      0.098     2.574 r  Next_PC_OBUF[8]_inst_i_1/CO[3]
                         net (fo=1, routed)           0.000     2.574    Next_PC_OBUF[8]_inst_i_1_n_0
    SLICE_X65Y24         CARRY4 (Prop_carry4_CI_CO[3])
                                                      0.098     2.672 r  Next_PC_OBUF[12]_inst_i_1/CO[3]
                         net (fo=1, routed)           0.008     2.680    Next_PC_OBUF[12]_inst_i_1_n_0
    SLICE_X65Y25         CARRY4 (Prop_carry4_CI_CO[3])
                                                      0.098     2.778 r  Next_PC_OBUF[16]_inst_i_1/CO[3]
                         net (fo=1, routed)           0.000     2.778    Next_PC_OBUF[16]_inst_i_1_n_0
    SLICE_X65Y26         CARRY4 (Prop_carry4_CI_CO[3])
                                                      0.098     2.876 r  Next_PC_OBUF[20]_inst_i_1/CO[3]
                         net (fo=1, routed)           0.000     2.876    Next_PC_OBUF[20]_inst_i_1_n_0
    SLICE_X65Y27         CARRY4 (Prop_carry4_CI_O[2])
                                                      0.200     3.076 r  Next_PC_OBUF[24]_inst_i_1/O[2]
                         net (fo=1, routed)           3.150     6.226    Next_PC_OBUF[23]
    P17                  OBUF (Prop_obuf_I_O)         2.484     8.710 r  Next_PC_OBUF[23]_inst/O
                         net (fo=0)                   0.000     8.710    Next_PC[23]
    P17                                                               r  Next_PC[23] (OUT)
  -------------------------------------------------------------------    -------------------

Slack:                    inf
  Source:                 PC_reg_out[2]
                            (input port)
  Destination:            Next_PC[15]
                            (output port)
  Path Group:             (none)
  Path Type:              Max at Slow Process Corner
  Data Path Delay:        8.697ns  (logic 4.321ns (49.681%)  route 4.376ns (50.319%))
  Logic Levels:           7  (CARRY4=4 IBUF=1 LUT1=1 OBUF=1)

    Location             Delay type                Incr(ns)  Path(ns)    Netlist Resource(s)
  -------------------------------------------------------------------    -------------------
    V5                                                0.000     0.000 f  PC_reg_out[2] (IN)
                         net (fo=0)                   0.000     0.000    PC_reg_out[2]
    V5                   IBUF (Prop_ibuf_I_O)         0.867     0.867 f  PC_reg_out_IBUF[2]_inst/O
                         net (fo=2, routed)           1.047     1.914    PC_reg_out_IBUF[2]
    SLICE_X65Y22         LUT1 (Prop_lut1_I0_O)        0.105     2.019 r  Next_PC_OBUF[4]_inst_i_2/O
                         net (fo=1, routed)           0.000     2.019    Next_PC_OBUF[4]_inst_i_2_n_0
    SLICE_X65Y22         CARRY4 (Prop_carry4_S[1]_CO[3])
                                                      0.457     2.476 r  Next_PC_OBUF[4]_inst_i_1/CO[3]
                         net (fo=1, routed)           0.000     2.476    Next_PC_OBUF[4]_inst_i_1_n_0
    SLICE_X65Y23         CARRY4 (Prop_carry4_CI_CO[3])
                                                      0.098     2.574 r  Next_PC_OBUF[8]_inst_i_1/CO[3]
                         net (fo=1, routed)           0.000     2.574    Next_PC_OBUF[8]_inst_i_1_n_0
    SLICE_X65Y24         CARRY4 (Prop_carry4_CI_CO[3])
                                                      0.098     2.672 r  Next_PC_OBUF[12]_inst_i_1/CO[3]
                         net (fo=1, routed)           0.008     2.680    Next_PC_OBUF[12]_inst_i_1_n_0
    SLICE_X65Y25         CARRY4 (Prop_carry4_CI_O[2])
                                                      0.200     2.880 r  Next_PC_OBUF[16]_inst_i_1/O[2]
                         net (fo=1, routed)           3.321     6.201    Next_PC_OBUF[15]
    T18                  OBUF (Prop_obuf_I_O)         2.496     8.697 r  Next_PC_OBUF[15]_inst/O
                         net (fo=0)                   0.000     8.697    Next_PC[15]
    T18                                                               r  Next_PC[15] (OUT)
  -------------------------------------------------------------------    -------------------

Slack:                    inf
  Source:                 PC_reg_out[2]
                            (input port)
  Destination:            Next_PC[17]
                            (output port)
  Path Group:             (none)
  Path Type:              Max at Slow Process Corner
  Data Path Delay:        8.665ns  (logic 4.392ns (50.687%)  route 4.273ns (49.313%))
  Logic Levels:           8  (CARRY4=5 IBUF=1 LUT1=1 OBUF=1)

    Location             Delay type                Incr(ns)  Path(ns)    Netlist Resource(s)
  -------------------------------------------------------------------    -------------------
    V5                                                0.000     0.000 f  PC_reg_out[2] (IN)
                         net (fo=0)                   0.000     0.000    PC_reg_out[2]
    V5                   IBUF (Prop_ibuf_I_O)         0.867     0.867 f  PC_reg_out_IBUF[2]_inst/O
                         net (fo=2, routed)           1.047     1.914    PC_reg_out_IBUF[2]
    SLICE_X65Y22         LUT1 (Prop_lut1_I0_O)        0.105     2.019 r  Next_PC_OBUF[4]_inst_i_2/O
                         net (fo=1, routed)           0.000     2.019    Next_PC_OBUF[4]_inst_i_2_n_0
    SLICE_X65Y22         CARRY4 (Prop_carry4_S[1]_CO[3])
                                                      0.457     2.476 r  Next_PC_OBUF[4]_inst_i_1/CO[3]
                         net (fo=1, routed)           0.000     2.476    Next_PC_OBUF[4]_inst_i_1_n_0
    SLICE_X65Y23         CARRY4 (Prop_carry4_CI_CO[3])
                                                      0.098     2.574 r  Next_PC_OBUF[8]_inst_i_1/CO[3]
                         net (fo=1, routed)           0.000     2.574    Next_PC_OBUF[8]_inst_i_1_n_0
    SLICE_X65Y24         CARRY4 (Prop_carry4_CI_CO[3])
                                                      0.098     2.672 r  Next_PC_OBUF[12]_inst_i_1/CO[3]
                         net (fo=1, routed)           0.008     2.680    Next_PC_OBUF[12]_inst_i_1_n_0
    SLICE_X65Y25         CARRY4 (Prop_carry4_CI_CO[3])
                                                      0.098     2.778 r  Next_PC_OBUF[16]_inst_i_1/CO[3]
                         net (fo=1, routed)           0.000     2.778    Next_PC_OBUF[16]_inst_i_1_n_0
    SLICE_X65Y26         CARRY4 (Prop_carry4_CI_O[0])
                                                      0.180     2.958 r  Next_PC_OBUF[20]_inst_i_1/O[0]
                         net (fo=1, routed)           3.218     6.176    Next_PC_OBUF[17]
    W19                  OBUF (Prop_obuf_I_O)         2.490     8.665 r  Next_PC_OBUF[17]_inst/O
                         net (fo=0)                   0.000     8.665    Next_PC[17]
    W19                                                               r  Next_PC[17] (OUT)
  -------------------------------------------------------------------    -------------------





Min Delay Paths
--------------------------------------------------------------------------------------
Slack:                    inf
  Source:                 PC_reg_out[0]
                            (input port)
  Destination:            Next_PC[0]
                            (output port)
  Path Group:             (none)
  Path Type:              Min at Fast Process Corner
  Data Path Delay:        2.871ns  (logic 1.273ns (44.346%)  route 1.598ns (55.654%))
  Logic Levels:           2  (IBUF=1 OBUF=1)

    Location             Delay type                Incr(ns)  Path(ns)    Netlist Resource(s)
  -------------------------------------------------------------------    -------------------
    V7                                                0.000     0.000 r  PC_reg_out[0] (IN)
                         net (fo=0)                   0.000     0.000    PC_reg_out[0]
    V7                   IBUF (Prop_ibuf_I_O)         0.157     0.157 r  PC_reg_out_IBUF[0]_inst/O
                         net (fo=1, routed)           1.598     1.755    Next_PC_OBUF[0]
    U14                  OBUF (Prop_obuf_I_O)         1.116     2.871 r  Next_PC_OBUF[0]_inst/O
                         net (fo=0)                   0.000     2.871    Next_PC[0]
    U14                                                               r  Next_PC[0] (OUT)
  -------------------------------------------------------------------    -------------------

Slack:                    inf
  Source:                 PC_reg_out[6]
                            (input port)
  Destination:            Next_PC[6]
                            (output port)
  Path Group:             (none)
  Path Type:              Min at Fast Process Corner
  Data Path Delay:        2.886ns  (logic 1.484ns (51.419%)  route 1.402ns (48.581%))
  Logic Levels:           3  (CARRY4=1 IBUF=1 OBUF=1)

    Location             Delay type                Incr(ns)  Path(ns)    Netlist Resource(s)
  -------------------------------------------------------------------    -------------------
    W6                                                0.000     0.000 r  PC_reg_out[6] (IN)
                         net (fo=0)                   0.000     0.000    PC_reg_out[6]
    W6                   IBUF (Prop_ibuf_I_O)         0.188     0.188 r  PC_reg_out_IBUF[6]_inst/O
                         net (fo=1, routed)           0.328     0.516    PC_reg_out_IBUF[6]
    SLICE_X65Y23         CARRY4 (Prop_carry4_S[1]_O[1])
                                                      0.110     0.626 r  Next_PC_OBUF[8]_inst_i_1/O[1]
                         net (fo=1, routed)           1.074     1.700    Next_PC_OBUF[6]
    W13                  OBUF (Prop_obuf_I_O)         1.186     2.886 r  Next_PC_OBUF[6]_inst/O
                         net (fo=0)                   0.000     2.886    Next_PC[6]
    W13                                                               r  Next_PC[6] (OUT)
  -------------------------------------------------------------------    -------------------

Slack:                    inf
  Source:                 PC_reg_out[13]
                            (input port)
  Destination:            Next_PC[14]
                            (output port)
  Path Group:             (none)
  Path Type:              Min at Fast Process Corner
  Data Path Delay:        2.983ns  (logic 1.493ns (50.064%)  route 1.490ns (49.936%))
  Logic Levels:           3  (CARRY4=1 IBUF=1 OBUF=1)

    Location             Delay type                Incr(ns)  Path(ns)    Netlist Resource(s)
  -------------------------------------------------------------------    -------------------
    U3                                                0.000     0.000 r  PC_reg_out[13] (IN)
                         net (fo=0)                   0.000     0.000    PC_reg_out[13]
    U3                   IBUF (Prop_ibuf_I_O)         0.163     0.163 r  PC_reg_out_IBUF[13]_inst/O
                         net (fo=1, routed)           0.411     0.574    PC_reg_out_IBUF[13]
    SLICE_X65Y25         CARRY4 (Prop_carry4_S[0]_O[1])
                                                      0.151     0.725 r  Next_PC_OBUF[16]_inst_i_1/O[1]
                         net (fo=1, routed)           1.078     1.804    Next_PC_OBUF[14]
    U17                  OBUF (Prop_obuf_I_O)         1.179     2.983 r  Next_PC_OBUF[14]_inst/O
                         net (fo=0)                   0.000     2.983    Next_PC[14]
    U17                                                               r  Next_PC[14] (OUT)
  -------------------------------------------------------------------    -------------------

Slack:                    inf
  Source:                 PC_reg_out[10]
                            (input port)
  Destination:            Next_PC[10]
                            (output port)
  Path Group:             (none)
  Path Type:              Min at Fast Process Corner
  Data Path Delay:        3.009ns  (logic 1.483ns (49.274%)  route 1.526ns (50.726%))
  Logic Levels:           3  (CARRY4=1 IBUF=1 OBUF=1)

    Location             Delay type                Incr(ns)  Path(ns)    Netlist Resource(s)
  -------------------------------------------------------------------    -------------------
    V4                                                0.000     0.000 r  PC_reg_out[10] (IN)
                         net (fo=0)                   0.000     0.000    PC_reg_out[10]
    V4                   IBUF (Prop_ibuf_I_O)         0.182     0.182 r  PC_reg_out_IBUF[10]_inst/O
                         net (fo=1, routed)           0.443     0.625    PC_reg_out_IBUF[10]
    SLICE_X65Y24         CARRY4 (Prop_carry4_S[1]_O[1])
                                                      0.110     0.735 r  Next_PC_OBUF[12]_inst_i_1/O[1]
                         net (fo=1, routed)           1.084     1.819    Next_PC_OBUF[10]
    W16                  OBUF (Prop_obuf_I_O)         1.191     3.009 r  Next_PC_OBUF[10]_inst/O
                         net (fo=0)                   0.000     3.009    Next_PC[10]
    W16                                                               r  Next_PC[10] (OUT)
  -------------------------------------------------------------------    -------------------

Slack:                    inf
  Source:                 PC_reg_out[7]
                            (input port)
  Destination:            Next_PC[18]
                            (output port)
  Path Group:             (none)
  Path Type:              Min at Fast Process Corner
  Data Path Delay:        3.021ns  (logic 1.680ns (55.609%)  route 1.341ns (44.391%))
  Logic Levels:           6  (CARRY4=4 IBUF=1 OBUF=1)

    Location             Delay type                Incr(ns)  Path(ns)    Netlist Resource(s)
  -------------------------------------------------------------------    -------------------
    W7                                                0.000     0.000 r  PC_reg_out[7] (IN)
                         net (fo=0)                   0.000     0.000    PC_reg_out[7]
    W7                   IBUF (Prop_ibuf_I_O)         0.170     0.170 r  PC_reg_out_IBUF[7]_inst/O
                         net (fo=1, routed)           0.335     0.505    PC_reg_out_IBUF[7]
    SLICE_X65Y23         CARRY4 (Prop_carry4_S[2]_CO[3])
                                                      0.160     0.665 r  Next_PC_OBUF[8]_inst_i_1/CO[3]
                         net (fo=1, routed)           0.000     0.665    Next_PC_OBUF[8]_inst_i_1_n_0
    SLICE_X65Y24         CARRY4 (Prop_carry4_CI_CO[3])
                                                      0.039     0.704 r  Next_PC_OBUF[12]_inst_i_1/CO[3]
                         net (fo=1, routed)           0.008     0.712    Next_PC_OBUF[12]_inst_i_1_n_0
    SLICE_X65Y25         CARRY4 (Prop_carry4_CI_CO[3])
                                                      0.039     0.751 r  Next_PC_OBUF[16]_inst_i_1/CO[3]
                         net (fo=1, routed)           0.000     0.751    Next_PC_OBUF[16]_inst_i_1_n_0
    SLICE_X65Y26         CARRY4 (Prop_carry4_CI_O[1])
                                                      0.091     0.842 r  Next_PC_OBUF[20]_inst_i_1/O[1]
                         net (fo=1, routed)           0.998     1.840    Next_PC_OBUF[18]
    W18                  OBUF (Prop_obuf_I_O)         1.181     3.021 r  Next_PC_OBUF[18]_inst/O
                         net (fo=0)                   0.000     3.021    Next_PC[18]
    W18                                                               r  Next_PC[18] (OUT)
  -------------------------------------------------------------------    -------------------

Slack:                    inf
  Source:                 PC_reg_out[7]
                            (input port)
  Destination:            Next_PC[22]
                            (output port)
  Path Group:             (none)
  Path Type:              Min at Fast Process Corner
  Data Path Delay:        3.033ns  (logic 1.724ns (56.850%)  route 1.309ns (43.150%))
  Logic Levels:           7  (CARRY4=5 IBUF=1 OBUF=1)

    Location             Delay type                Incr(ns)  Path(ns)    Netlist Resource(s)
  -------------------------------------------------------------------    -------------------
    W7                                                0.000     0.000 r  PC_reg_out[7] (IN)
                         net (fo=0)                   0.000     0.000    PC_reg_out[7]
    W7                   IBUF (Prop_ibuf_I_O)         0.170     0.170 r  PC_reg_out_IBUF[7]_inst/O
                         net (fo=1, routed)           0.335     0.505    PC_reg_out_IBUF[7]
    SLICE_X65Y23         CARRY4 (Prop_carry4_S[2]_CO[3])
                                                      0.160     0.665 r  Next_PC_OBUF[8]_inst_i_1/CO[3]
                         net (fo=1, routed)           0.000     0.665    Next_PC_OBUF[8]_inst_i_1_n_0
    SLICE_X65Y24         CARRY4 (Prop_carry4_CI_CO[3])
                                                      0.039     0.704 r  Next_PC_OBUF[12]_inst_i_1/CO[3]
                         net (fo=1, routed)           0.008     0.712    Next_PC_OBUF[12]_inst_i_1_n_0
    SLICE_X65Y25         CARRY4 (Prop_carry4_CI_CO[3])
                                                      0.039     0.751 r  Next_PC_OBUF[16]_inst_i_1/CO[3]
                         net (fo=1, routed)           0.000     0.751    Next_PC_OBUF[16]_inst_i_1_n_0
    SLICE_X65Y26         CARRY4 (Prop_carry4_CI_CO[3])
                                                      0.039     0.790 r  Next_PC_OBUF[20]_inst_i_1/CO[3]
                         net (fo=1, routed)           0.000     0.790    Next_PC_OBUF[20]_inst_i_1_n_0
    SLICE_X65Y27         CARRY4 (Prop_carry4_CI_O[1])
                                                      0.091     0.881 r  Next_PC_OBUF[24]_inst_i_1/O[1]
                         net (fo=1, routed)           0.966     1.847    Next_PC_OBUF[22]
    P18                  OBUF (Prop_obuf_I_O)         1.186     3.033 r  Next_PC_OBUF[22]_inst/O
                         net (fo=0)                   0.000     3.033    Next_PC[22]
    P18                                                               r  Next_PC[22] (OUT)
  -------------------------------------------------------------------    -------------------

Slack:                    inf
  Source:                 PC_reg_out[2]
                            (input port)
  Destination:            Next_PC[2]
                            (output port)
  Path Group:             (none)
  Path Type:              Min at Fast Process Corner
  Data Path Delay:        3.100ns  (logic 1.450ns (46.768%)  route 1.650ns (53.232%))
  Logic Levels:           4  (CARRY4=1 IBUF=1 LUT1=1 OBUF=1)

    Location             Delay type                Incr(ns)  Path(ns)    Netlist Resource(s)
  -------------------------------------------------------------------    -------------------
    V5                                                0.000     0.000 f  PC_reg_out[2] (IN)
                         net (fo=0)                   0.000     0.000    PC_reg_out[2]
    V5                   IBUF (Prop_ibuf_I_O)         0.164     0.164 f  PC_reg_out_IBUF[2]_inst/O
                         net (fo=2, routed)           0.479     0.643    PC_reg_out_IBUF[2]
    SLICE_X65Y22         LUT1 (Prop_lut1_I0_O)        0.045     0.688 r  Next_PC_OBUF[4]_inst_i_2/O
                         net (fo=1, routed)           0.000     0.688    Next_PC_OBUF[4]_inst_i_2_n_0
    SLICE_X65Y22         CARRY4 (Prop_carry4_S[1]_O[1])
                                                      0.065     0.753 r  Next_PC_OBUF[4]_inst_i_1/O[1]
                         net (fo=1, routed)           1.171     1.924    Next_PC_OBUF[2]
    V13                  OBUF (Prop_obuf_I_O)         1.176     3.100 r  Next_PC_OBUF[2]_inst/O
                         net (fo=0)                   0.000     3.100    Next_PC[2]
    V13                                                               r  Next_PC[2] (OUT)
  -------------------------------------------------------------------    -------------------

Slack:                    inf
  Source:                 PC_reg_out[7]
                            (input port)
  Destination:            Next_PC[26]
                            (output port)
  Path Group:             (none)
  Path Type:              Min at Fast Process Corner
  Data Path Delay:        3.132ns  (logic 1.780ns (56.824%)  route 1.352ns (43.176%))
  Logic Levels:           8  (CARRY4=6 IBUF=1 OBUF=1)

    Location             Delay type                Incr(ns)  Path(ns)    Netlist Resource(s)
  -------------------------------------------------------------------    -------------------
    W7                                                0.000     0.000 r  PC_reg_out[7] (IN)
                         net (fo=0)                   0.000     0.000    PC_reg_out[7]
    W7                   IBUF (Prop_ibuf_I_O)         0.170     0.170 r  PC_reg_out_IBUF[7]_inst/O
                         net (fo=1, routed)           0.335     0.505    PC_reg_out_IBUF[7]
    SLICE_X65Y23         CARRY4 (Prop_carry4_S[2]_CO[3])
                                                      0.160     0.665 r  Next_PC_OBUF[8]_inst_i_1/CO[3]
                         net (fo=1, routed)           0.000     0.665    Next_PC_OBUF[8]_inst_i_1_n_0
    SLICE_X65Y24         CARRY4 (Prop_carry4_CI_CO[3])
                                                      0.039     0.704 r  Next_PC_OBUF[12]_inst_i_1/CO[3]
                         net (fo=1, routed)           0.008     0.712    Next_PC_OBUF[12]_inst_i_1_n_0
    SLICE_X65Y25         CARRY4 (Prop_carry4_CI_CO[3])
                                                      0.039     0.751 r  Next_PC_OBUF[16]_inst_i_1/CO[3]
                         net (fo=1, routed)           0.000     0.751    Next_PC_OBUF[16]_inst_i_1_n_0
    SLICE_X65Y26         CARRY4 (Prop_carry4_CI_CO[3])
                                                      0.039     0.790 r  Next_PC_OBUF[20]_inst_i_1/CO[3]
                         net (fo=1, routed)           0.000     0.790    Next_PC_OBUF[20]_inst_i_1_n_0
    SLICE_X65Y27         CARRY4 (Prop_carry4_CI_CO[3])
                                                      0.039     0.829 r  Next_PC_OBUF[24]_inst_i_1/CO[3]
                         net (fo=1, routed)           0.000     0.829    Next_PC_OBUF[24]_inst_i_1_n_0
    SLICE_X65Y28         CARRY4 (Prop_carry4_CI_O[1])
                                                      0.091     0.920 r  Next_PC_OBUF[28]_inst_i_1/O[1]
                         net (fo=1, routed)           1.010     1.929    Next_PC_OBUF[26]
    L17                  OBUF (Prop_obuf_I_O)         1.203     3.132 r  Next_PC_OBUF[26]_inst/O
                         net (fo=0)                   0.000     3.132    Next_PC[26]
    L17                                                               r  Next_PC[26] (OUT)
  -------------------------------------------------------------------    -------------------

Slack:                    inf
  Source:                 PC_reg_out[7]
                            (input port)
  Destination:            Next_PC[8]
                            (output port)
  Path Group:             (none)
  Path Type:              Min at Fast Process Corner
  Data Path Delay:        3.266ns  (logic 1.510ns (46.228%)  route 1.756ns (53.772%))
  Logic Levels:           3  (CARRY4=1 IBUF=1 OBUF=1)

    Location             Delay type                Incr(ns)  Path(ns)    Netlist Resource(s)
  -------------------------------------------------------------------    -------------------
    W7                                                0.000     0.000 r  PC_reg_out[7] (IN)
                         net (fo=0)                   0.000     0.000    PC_reg_out[7]
    W7                   IBUF (Prop_ibuf_I_O)         0.170     0.170 r  PC_reg_out_IBUF[7]_inst/O
                         net (fo=1, routed)           0.335     0.505    PC_reg_out_IBUF[7]
    SLICE_X65Y23         CARRY4 (Prop_carry4_S[2]_O[3])
                                                      0.144     0.649 r  Next_PC_OBUF[8]_inst_i_1/O[3]
                         net (fo=1, routed)           1.422     2.070    Next_PC_OBUF[8]
    V15                  OBUF (Prop_obuf_I_O)         1.196     3.266 r  Next_PC_OBUF[8]_inst/O
                         net (fo=0)                   0.000     3.266    Next_PC[8]
    V15                                                               r  Next_PC[8] (OUT)
  -------------------------------------------------------------------    -------------------

Slack:                    inf
  Source:                 PC_reg_out[7]
                            (input port)
  Destination:            Next_PC[7]
                            (output port)
  Path Group:             (none)
  Path Type:              Min at Fast Process Corner
  Data Path Delay:        3.276ns  (logic 1.460ns (44.563%)  route 1.816ns (55.437%))
  Logic Levels:           3  (CARRY4=1 IBUF=1 OBUF=1)

    Location             Delay type                Incr(ns)  Path(ns)    Netlist Resource(s)
  -------------------------------------------------------------------    -------------------
    W7                                                0.000     0.000 r  PC_reg_out[7] (IN)
                         net (fo=0)                   0.000     0.000    PC_reg_out[7]
    W7                   IBUF (Prop_ibuf_I_O)         0.170     0.170 r  PC_reg_out_IBUF[7]_inst/O
                         net (fo=1, routed)           0.335     0.505    PC_reg_out_IBUF[7]
    SLICE_X65Y23         CARRY4 (Prop_carry4_S[2]_O[2])
                                                      0.111     0.616 r  Next_PC_OBUF[8]_inst_i_1/O[2]
                         net (fo=1, routed)           1.481     2.097    Next_PC_OBUF[7]
    W15                  OBUF (Prop_obuf_I_O)         1.179     3.276 r  Next_PC_OBUF[7]_inst/O
                         net (fo=0)                   0.000     3.276    Next_PC[7]
    W15                                                               r  Next_PC[7] (OUT)
  -------------------------------------------------------------------    -------------------





