
ROM used:   696/8192 (8%)
            696/8192 (8%) including unused fragments

            0.9 Average locations per line
            10.1 Average locations per statement

RAM used:   17/368 (5%) at main() level
            31/368 (8%) worst case

Stack used: 1 worst case (1 in main + 0 for interrupts)
Stack size: 8

Lines Stmts  %   Files
----- ----- ---  -----
   88    69 100  Sensor de distancia.c
  674     0   0  ..\..\..\..\..\..\Program Files (x86)\PICC\Devices\16F877a.h
----- -----
  762    69 Total

Page ROM  %  RAM    Vol Diff  Functions:
---- --- --- ---    --- ----  ----------
0    396  57    4   1877  4.9  main
0     31   4    2             @ITOF
0    202  29   14             @DIVFF
0     63   9   10             @FLT
 Inline         0             @cinit1

Program metrics:
    Functions               1
    Statements              69
    Comments                121
    Volume (V)              1888
    Difficulty (D)          4.7
    Effort to implement (E) 8920
    Time to implement (T)   8 minutes
    Est Delivered Bugs (B)  0
    Cyclomatic Complexity   7
    Maintainability (MI)    13

 Segment     Used  Free
-----------  ----  ----
00000-00003     4  0  
00004-007FF   692  1352  
00800-00FFF     0  2048  
01000-017FF     0  2048  
01800-01FFF     0  2048  



